<?xml version="1.0" encoding="UTF-8"?>
<!-- Generated by org.testng.reporters.JUnitXMLReporter -->
<testsuite hostname="AIPL6454LT14041" ignored="0" name="Test" tests="4" failures="0" timestamp="2022-02-18T15:52:17 IST" time="5.503" errors="0">
  <testcase name="loginUiBank" time="2.617" classname="pages.rest.Login"/>
  <testcase name="verifyRegisteredProfileDetails" time="1.144" classname="pages.rest.VerifyRegisteredProfileDetails"/>
  <testcase name="createNewAccount" time="0.823" classname="pages.rest.CreateNewAccount"/>
  <testcase name="verifyAccountsDetails" time="0.885" classname="pages.rest.VerifyAccountDetails"/>
</testsuite> <!-- Test -->
